# JRE version: OpenJDK Runtime Environment (8.0_152) (build 1.8.0_152-release-1343-b16-5323222)
# Java VM: OpenJDK 64-Bit Server VM (25.152-b16-5323222 mixed mode linux-amd64 compressed oops)
Heap:
 PSYoungGen      total 454144K, used 26526K [0x00000000e0000000, 0x0000000100000000, 0x0000000100000000)
  eden space 380416K, 1% used [0x00000000e0000000,0x00000000e0736ac8,0x00000000f7380000)
  from space 73728K, 25% used [0x00000000fb800000,0x00000000fcab0fb0,0x0000000100000000)
  to   space 70144K, 0% used [0x00000000f7380000,0x00000000f7380000,0x00000000fb800000)
 ParOldGen       total 312832K, used 95171K [0x00000000a0000000, 0x00000000b3180000, 0x00000000e0000000)
  object space 312832K, 30% used [0x00000000a0000000,0x00000000a5cf0fc0,0x00000000b3180000)
 Metaspace       used 167165K, capacity 176954K, committed 182056K, reserved 1208320K
  class space    used 20023K, capacity 21596K, committed 22832K, reserved 1048576K
GC Heap History (10 events):
Event: 23417,267 GC heap before
{Heap before GC invocations=126 (full 11):
 PSYoungGen      total 436224K, used 436220K [0x00000000e0000000, 0x0000000100000000, 0x0000000100000000)
  eden space 385024K, 100% used [0x00000000e0000000,0x00000000f7800000,0x00000000f7800000)
  from space 51200K, 99% used [0x00000000fc800000,0x00000000ff9ff240,0x00000000ffa00000)
  to   space 69632K, 0% used [0x00000000f7800000,0x00000000f7800000,0x00000000fbc00000)
 ParOldGen       total 312832K, used 230424K [0x00000000a0000000, 0x00000000b3180000, 0x00000000e0000000)
  object space 312832K, 73% used [0x00000000a0000000,0x00000000ae1060c0,0x00000000b3180000)
 Metaspace       used 167580K, capacity 177588K, committed 181032K, reserved 1208320K
  class space    used 20105K, capacity 21692K, committed 22832K, reserved 1048576K
Event: 23417,336 GC heap after
Heap after GC invocations=126 (full 11):
 PSYoungGen      total 423936K, used 38831K [0x00000000e0000000, 0x0000000100000000, 0x0000000100000000)
  eden space 385024K, 0% used [0x00000000e0000000,0x00000000e0000000,0x00000000f7800000)
  from space 38912K, 99% used [0x00000000f7800000,0x00000000f9debd68,0x00000000f9e00000)
  to   space 71168K, 0% used [0x00000000fba80000,0x00000000fba80000,0x0000000100000000)
 ParOldGen       total 312832K, used 230632K [0x00000000a0000000, 0x00000000b3180000, 0x00000000e0000000)
  object space 312832K, 73% used [0x00000000a0000000,0x00000000ae13a0d0,0x00000000b3180000)
 Metaspace       used 167580K, capacity 177588K, committed 181032K, reserved 1208320K
  class space    used 20105K, capacity 21692K, committed 22832K, reserved 1048576K
}
Event: 23568,726 GC heap before
{Heap before GC invocations=127 (full 11):
 PSYoungGen      total 423936K, used 423855K [0x00000000e0000000, 0x0000000100000000, 0x0000000100000000)
  eden space 385024K, 100% used [0x00000000e0000000,0x00000000f7800000,0x00000000f7800000)
  from space 38912K, 99% used [0x00000000f7800000,0x00000000f9debd68,0x00000000f9e00000)
  to   space 71168K, 0% used [0x00000000fba80000,0x00000000fba80000,0x0000000100000000)
 ParOldGen       total 312832K, used 230632K [0x00000000a0000000, 0x00000000b3180000, 0x00000000e0000000)
  object space 312832K, 73% used [0x00000000a0000000,0x00000000ae13a0d0,0x00000000b3180000)
 Metaspace       used 168895K, capacity 179454K, committed 182056K, reserved 1208320K
  class space    used 20324K, capacity 21954K, committed 22832K, reserved 1048576K
Event: 23568,825 GC heap after
Heap after GC invocations=127 (full 11):
 PSYoungGen      total 450048K, used 42266K [0x00000000e0000000, 0x0000000100000000, 0x0000000100000000)
  eden space 378880K, 0% used [0x00000000e0000000,0x00000000e0000000,0x00000000f7200000)
  from space 71168K, 59% used [0x00000000fba80000,0x00000000fe3c6be0,0x0000000100000000)
  to   space 72704K, 0% used [0x00000000f7200000,0x00000000f7200000,0x00000000fb900000)
 ParOldGen       total 312832K, used 230760K [0x00000000a0000000, 0x00000000b3180000, 0x00000000e0000000)
  object space 312832K, 73% used [0x00000000a0000000,0x00000000ae15a0d0,0x00000000b3180000)
 Metaspace       used 168895K, capacity 179454K, committed 182056K, reserved 1208320K
  class space    used 20324K, capacity 21954K, committed 22832K, reserved 1048576K
}
Event: 24599,532 GC heap before
{Heap before GC invocations=128 (full 11):
 PSYoungGen      total 450048K, used 334902K [0x00000000e0000000, 0x0000000100000000, 0x0000000100000000)
  eden space 378880K, 77% used [0x00000000e0000000,0x00000000f1dc6ec8,0x00000000f7200000)
  from space 71168K, 59% used [0x00000000fba80000,0x00000000fe3c6be0,0x0000000100000000)
  to   space 72704K, 0% used [0x00000000f7200000,0x00000000f7200000,0x00000000fb900000)
 ParOldGen       total 312832K, used 230760K [0x00000000a0000000, 0x00000000b3180000, 0x00000000e0000000)
  object space 312832K, 73% used [0x00000000a0000000,0x00000000ae15a0d0,0x00000000b3180000)
 Metaspace       used 169029K, capacity 179630K, committed 182056K, reserved 1208320K
  class space    used 20339K, capacity 21982K, committed 22832K, reserved 1048576K
Event: 24599,583 GC heap after
Heap after GC invocations=128 (full 11):
 PSYoungGen      total 419328K, used 40361K [0x00000000e0000000, 0x0000000100000000, 0x0000000100000000)
  eden space 378880K, 0% used [0x00000000e0000000,0x00000000e0000000,0x00000000f7200000)
  from space 40448K, 99% used [0x00000000f7200000,0x00000000f996a530,0x00000000f9980000)
  to   space 73728K, 0% used [0x00000000fb800000,0x00000000fb800000,0x0000000100000000)
 ParOldGen       total 312832K, used 230760K [0x00000000a0000000, 0x00000000b3180000, 0x00000000e0000000)
  object space 312832K, 73% used [0x00000000a0000000,0x00000000ae15a0d0,0x00000000b3180000)
 Metaspace       used 169029K, capacity 179630K, committed 182056K, reserved 1208320K
  class space    used 20339K, capacity 21982K, committed 22832K, reserved 1048576K
}
Event: 24599,583 GC heap before
{Heap before GC invocations=129 (full 12):
 PSYoungGen      total 419328K, used 40361K [0x00000000e0000000, 0x0000000100000000, 0x0000000100000000)
  eden space 378880K, 0% used [0x00000000e0000000,0x00000000e0000000,0x00000000f7200000)
  from space 40448K, 99% used [0x00000000f7200000,0x00000000f996a530,0x00000000f9980000)
  to   space 73728K, 0% used [0x00000000fb800000,0x00000000fb800000,0x0000000100000000)
 ParOldGen       total 312832K, used 230760K [0x00000000a0000000, 0x00000000b3180000, 0x00000000e0000000)
  object space 312832K, 73% used [0x00000000a0000000,0x00000000ae15a0d0,0x00000000b3180000)
 Metaspace       used 169029K, capacity 179630K, committed 182056K, reserved 1208320K
  class space    used 20339K, capacity 21982K, committed 22832K, reserved 1048576K
Event: 24601,318 GC heap after
Heap after GC invocations=129 (full 12):
 PSYoungGen      total 419328K, used 0K [0x00000000e0000000, 0x0000000100000000, 0x0000000100000000)
  eden space 378880K, 0% used [0x00000000e0000000,0x00000000e0000000,0x00000000f7200000)
  from space 40448K, 0% used [0x00000000f7200000,0x00000000f7200000,0x00000000f9980000)
  to   space 73728K, 0% used [0x00000000fb800000,0x00000000fb800000,0x0000000100000000)
 ParOldGen       total 312832K, used 95163K [0x00000000a0000000, 0x00000000b3180000, 0x00000000e0000000)
  object space 312832K, 30% used [0x00000000a0000000,0x00000000a5ceefc0,0x00000000b3180000)
 Metaspace       used 166746K, capacity 176446K, committed 182056K, reserved 1208320K
  class space    used 19973K, capacity 21502K, committed 22832K, reserved 1048576K
}
Event: 24720,454 GC heap before
{Heap before GC invocations=130 (full 12):
 PSYoungGen      total 419328K, used 378880K [0x00000000e0000000, 0x0000000100000000, 0x0000000100000000)
  eden space 378880K, 100% used [0x00000000e0000000,0x00000000f7200000,0x00000000f7200000)
  from space 40448K, 0% used [0x00000000f7200000,0x00000000f7200000,0x00000000f9980000)
  to   space 73728K, 0% used [0x00000000fb800000,0x00000000fb800000,0x0000000100000000)
 ParOldGen       total 312832K, used 95163K [0x00000000a0000000, 0x00000000b3180000, 0x00000000e0000000)
  object space 312832K, 30% used [0x00000000a0000000,0x00000000a5ceefc0,0x00000000b3180000)
 Metaspace       used 167165K, capacity 176954K, committed 182056K, reserved 1208320K
  class space    used 20023K, capacity 21596K, committed 22832K, reserved 1048576K
Event: 24720,491 GC heap after
Heap after GC invocations=130 (full 12):
 PSYoungGen      total 454144K, used 19139K [0x00000000e0000000, 0x0000000100000000, 0x0000000100000000)
  eden space 380416K, 0% used [0x00000000e0000000,0x00000000e0000000,0x00000000f7380000)
  from space 73728K, 25% used [0x00000000fb800000,0x00000000fcab0fb0,0x0000000100000000)
  to   space 70144K, 0% used [0x00000000f7380000,0x00000000f7380000,0x00000000fb800000)
 ParOldGen       total 312832K, used 95171K [0x00000000a0000000, 0x00000000b3180000, 0x00000000e0000000)
  object space 312832K, 30% used [0x00000000a0000000,0x00000000a5cf0fc0,0x00000000b3180000)
 Metaspace       used 167165K, capacity 176954K, committed 182056K, reserved 1208320K
  class space    used 20023K, capacity 21596K, committed 22832K, reserved 1048576K
}

