# JRE version: OpenJDK Runtime Environment (8.0_152) (build 1.8.0_152-release-1343-b16-5323222)
# Java VM: OpenJDK 64-Bit Server VM (25.152-b16-5323222 mixed mode linux-amd64 compressed oops)
Heap:
 PSYoungGen      total 440320K, used 440308K [0x00000000e0000000, 0x0000000100000000, 0x0000000100000000)
  eden space 356352K, 100% used [0x00000000e0000000,0x00000000f5c00000,0x00000000f5c00000)
  from space 83968K, 99% used [0x00000000f5c00000,0x00000000fadfd280,0x00000000fae00000)
  to   space 83968K, 99% used [0x00000000fae00000,0x00000000ffff85d8,0x0000000100000000)
 ParOldGen       total 344064K, used 343034K [0x00000000a0000000, 0x00000000b5000000, 0x00000000e0000000)
  object space 344064K, 99% used [0x00000000a0000000,0x00000000b4efe8e0,0x00000000b5000000)
 Metaspace       used 221425K, capacity 235133K, committed 235392K, reserved 1255424K
  class space    used 26920K, capacity 29110K, committed 29312K, reserved 1048576K
GC Heap History (10 events):
Event: 7928,044 GC heap after
Heap after GC invocations=144 (full 8):
 PSYoungGen      total 434688K, used 39565K [0x00000000e0000000, 0x00000000ff880000, 0x0000000100000000)
  eden space 356864K, 0% used [0x00000000e0000000,0x00000000e0000000,0x00000000f5c80000)
  from space 77824K, 50% used [0x00000000fac80000,0x00000000fd323790,0x00000000ff880000)
  to   space 79872K, 0% used [0x00000000f5c80000,0x00000000f5c80000,0x00000000faa80000)
 ParOldGen       total 338432K, used 264648K [0x00000000a0000000, 0x00000000b4a80000, 0x00000000e0000000)
  object space 338432K, 78% used [0x00000000a0000000,0x00000000b0272180,0x00000000b4a80000)
 Metaspace       used 211194K, capacity 223339K, committed 223488K, reserved 1245184K
  class space    used 25546K, capacity 27527K, committed 27648K, reserved 1048576K
}
Event: 8137,777 GC heap before
{Heap before GC invocations=145 (full 8):
 PSYoungGen      total 434688K, used 396429K [0x00000000e0000000, 0x00000000ff880000, 0x0000000100000000)
  eden space 356864K, 100% used [0x00000000e0000000,0x00000000f5c80000,0x00000000f5c80000)
  from space 77824K, 50% used [0x00000000fac80000,0x00000000fd323790,0x00000000ff880000)
  to   space 79872K, 0% used [0x00000000f5c80000,0x00000000f5c80000,0x00000000faa80000)
 ParOldGen       total 338432K, used 264648K [0x00000000a0000000, 0x00000000b4a80000, 0x00000000e0000000)
  object space 338432K, 78% used [0x00000000a0000000,0x00000000b0272180,0x00000000b4a80000)
 Metaspace       used 211418K, capacity 223705K, committed 224128K, reserved 1245184K
  class space    used 25561K, capacity 27556K, committed 27776K, reserved 1048576K
Event: 8137,850 GC heap after
Heap after GC invocations=145 (full 8):
 PSYoungGen      total 436736K, used 47675K [0x00000000e0000000, 0x0000000100000000, 0x0000000100000000)
  eden space 356864K, 0% used [0x00000000e0000000,0x00000000e0000000,0x00000000f5c80000)
  from space 79872K, 59% used [0x00000000f5c80000,0x00000000f8b0ee40,0x00000000faa80000)
  to   space 81408K, 0% used [0x00000000fb080000,0x00000000fb080000,0x0000000100000000)
 ParOldGen       total 338432K, used 264648K [0x00000000a0000000, 0x00000000b4a80000, 0x00000000e0000000)
  object space 338432K, 78% used [0x00000000a0000000,0x00000000b0272180,0x00000000b4a80000)
 Metaspace       used 211418K, capacity 223705K, committed 224128K, reserved 1245184K
  class space    used 25561K, capacity 27556K, committed 27776K, reserved 1048576K
}
Event: 8157,423 GC heap before
{Heap before GC invocations=146 (full 8):
 PSYoungGen      total 436736K, used 404539K [0x00000000e0000000, 0x0000000100000000, 0x0000000100000000)
  eden space 356864K, 100% used [0x00000000e0000000,0x00000000f5c80000,0x00000000f5c80000)
  from space 79872K, 59% used [0x00000000f5c80000,0x00000000f8b0ee40,0x00000000faa80000)
  to   space 81408K, 0% used [0x00000000fb080000,0x00000000fb080000,0x0000000100000000)
 ParOldGen       total 338432K, used 264648K [0x00000000a0000000, 0x00000000b4a80000, 0x00000000e0000000)
  object space 338432K, 78% used [0x00000000a0000000,0x00000000b0272180,0x00000000b4a80000)
 Metaspace       used 214293K, capacity 227055K, committed 227328K, reserved 1249280K
  class space    used 25924K, capacity 27981K, committed 28160K, reserved 1048576K
Event: 8157,862 GC heap after
Heap after GC invocations=146 (full 8):
 PSYoungGen      total 437760K, used 52937K [0x00000000e0000000, 0x0000000100000000, 0x0000000100000000)
  eden space 356352K, 0% used [0x00000000e0000000,0x00000000e0000000,0x00000000f5c00000)
  from space 81408K, 65% used [0x00000000fb080000,0x00000000fe432408,0x0000000100000000)
  to   space 83968K, 0% used [0x00000000f5c00000,0x00000000f5c00000,0x00000000fae00000)
 ParOldGen       total 338432K, used 264656K [0x00000000a0000000, 0x00000000b4a80000, 0x00000000e0000000)
  object space 338432K, 78% used [0x00000000a0000000,0x00000000b0274180,0x00000000b4a80000)
 Metaspace       used 214293K, capacity 227055K, committed 227328K, reserved 1249280K
  class space    used 25924K, capacity 27981K, committed 28160K, reserved 1048576K
}
Event: 8164,143 GC heap before
{Heap before GC invocations=147 (full 8):
 PSYoungGen      total 437760K, used 409180K [0x00000000e0000000, 0x0000000100000000, 0x0000000100000000)
  eden space 356352K, 99% used [0x00000000e0000000,0x00000000f5be4da0,0x00000000f5c00000)
  from space 81408K, 65% used [0x00000000fb080000,0x00000000fe432408,0x0000000100000000)
  to   space 83968K, 0% used [0x00000000f5c00000,0x00000000f5c00000,0x00000000fae00000)
 ParOldGen       total 338432K, used 264656K [0x00000000a0000000, 0x00000000b4a80000, 0x00000000e0000000)
  object space 338432K, 78% used [0x00000000a0000000,0x00000000b0274180,0x00000000b4a80000)
 Metaspace       used 221272K, capacity 235001K, committed 235392K, reserved 1255424K
  class space    used 26919K, capacity 29110K, committed 29312K, reserved 1048576K
Event: 8164,579 GC heap after
Heap after GC invocations=147 (full 8):
 PSYoungGen      total 440320K, used 83956K [0x00000000e0000000, 0x0000000100000000, 0x0000000100000000)
  eden space 356352K, 0% used [0x00000000e0000000,0x00000000e0000000,0x00000000f5c00000)
  from space 83968K, 99% used [0x00000000f5c00000,0x00000000fadfd280,0x00000000fae00000)
  to   space 83968K, 0% used [0x00000000fae00000,0x00000000fae00000,0x0000000100000000)
 ParOldGen       total 338432K, used 282779K [0x00000000a0000000, 0x00000000b4a80000, 0x00000000e0000000)
  object space 338432K, 83% used [0x00000000a0000000,0x00000000b1426c90,0x00000000b4a80000)
 Metaspace       used 221272K, capacity 235001K, committed 235392K, reserved 1255424K
  class space    used 26919K, capacity 29110K, committed 29312K, reserved 1048576K
}
Event: 8169,940 GC heap before
{Heap before GC invocations=148 (full 8):
 PSYoungGen      total 440320K, used 440308K [0x00000000e0000000, 0x0000000100000000, 0x0000000100000000)
  eden space 356352K, 100% used [0x00000000e0000000,0x00000000f5c00000,0x00000000f5c00000)
  from space 83968K, 99% used [0x00000000f5c00000,0x00000000fadfd280,0x00000000fae00000)
  to   space 83968K, 0% used [0x00000000fae00000,0x00000000fae00000,0x0000000100000000)
 ParOldGen       total 338432K, used 282779K [0x00000000a0000000, 0x00000000b4a80000, 0x00000000e0000000)
  object space 338432K, 83% used [0x00000000a0000000,0x00000000b1426c90,0x00000000b4a80000)
 Metaspace       used 221425K, capacity 235133K, committed 235392K, reserved 1255424K
  class space    used 26920K, capacity 29110K, committed 29312K, reserved 1048576K
Event: 8170,523 GC heap after
Heap after GC invocations=148 (full 8):
 PSYoungGen      total 440320K, used 440308K [0x00000000e0000000, 0x0000000100000000, 0x0000000100000000)
  eden space 356352K, 100% used [0x00000000e0000000,0x00000000f5c00000,0x00000000f5c00000)
  from space 83968K, 99% used [0x00000000f5c00000,0x00000000fadfd280,0x00000000fae00000)
  to   space 83968K, 99% used [0x00000000fae00000,0x00000000ffff85d8,0x0000000100000000)
 ParOldGen       total 344064K, used 343034K [0x00000000a0000000, 0x00000000b5000000, 0x00000000e0000000)
  object space 344064K, 99% used [0x00000000a0000000,0x00000000b4efe8e0,0x00000000b5000000)
 Metaspace       used 221425K, capacity 235133K, committed 235392K, reserved 1255424K
  class space    used 26920K, capacity 29110K, committed 29312K, reserved 1048576K
}
Event: 8170,523 GC heap before
{Heap before GC invocations=149 (full 9):
 PSYoungGen      total 440320K, used 440308K [0x00000000e0000000, 0x0000000100000000, 0x0000000100000000)
  eden space 356352K, 100% used [0x00000000e0000000,0x00000000f5c00000,0x00000000f5c00000)
  from space 83968K, 99% used [0x00000000f5c00000,0x00000000fadfd280,0x00000000fae00000)
  to   space 83968K, 99% used [0x00000000fae00000,0x00000000ffff85d8,0x0000000100000000)
 ParOldGen       total 344064K, used 343034K [0x00000000a0000000, 0x00000000b5000000, 0x00000000e0000000)
  object space 344064K, 99% used [0x00000000a0000000,0x00000000b4efe8e0,0x00000000b5000000)
 Metaspace       used 221425K, capacity 235133K, committed 235392K, reserved 1255424K
  class space    used 26920K, capacity 29110K, committed 29312K, reserved 1048576K

